2014/08/13-16:25:16 : Service zombie is running...
2014/08/13-16:25:18 : Service zombie is running...
2014/08/13-16:25:20 : Service zombie is running...
2014/08/13-16:25:22 : Service zombie is running...
2014/08/13-16:25:24 : Service zombie is running...
2014/08/13-16:25:26 : Service zombie is running...
2014/08/13-16:25:29 : Service zombie is running...
2014/08/13-16:25:31 : Service zombie is running...
2014/08/13-16:25:33 : Service zombie is running...
2014/08/13-16:25:35 : Service zombie is running...
2014/08/13-16:25:37 : Service zombie is running...
2014/08/13-16:25:39 : Service zombie is running...
2014/08/13-16:25:41 : Service zombie is running...
2014/08/13-16:25:44 : Service zombie is running...
2014/08/13-16:25:46 : Service zombie is running...
2014/08/13-16:25:48 : Service zombie is running...
2014/08/13-16:25:50 : Service zombie is running...
2014/08/13-16:25:52 : Service zombie is running...
2014/08/13-16:25:54 : Service zombie is running...
2014/08/13-16:25:56 : Service zombie is running...
2014/08/13-16:25:58 : Service zombie is running...
2014/08/13-16:26:01 : Service zombie is running...
2014/08/13-16:26:03 : Service zombie is running...
2014/08/13-16:26:05 : Service zombie is running...
2014/08/13-16:26:07 : Service zombie is running...
2014/08/13-16:26:09 : Service zombie is running...
2014/08/13-16:26:11 : Service zombie is running...
2014/08/13-16:26:13 : Service zombie is running...
2014/08/13-16:26:15 : Service zombie is running...
2014/08/13-16:26:18 : Service zombie is running...
2014/08/13-16:26:20 : Service zombie is running...
2014/08/13-16:26:22 : Service zombie is running...
2014/08/13-16:26:24 : Service zombie is running...
2014/08/13-16:26:26 : Service zombie is running...
2014/08/13-16:26:28 : Service zombie is running...
2014/08/13-16:26:30 : Service zombie is running...
2014/08/13-16:26:32 : Service zombie is running...
2014/08/13-16:26:35 : Service zombie is running...
2014/08/13-16:26:37 : Service zombie is running...
2014/08/13-16:26:39 : Service zombie is running...
2014/08/13-16:26:41 : Service zombie is running...
2014/08/13-16:26:43 : Service zombie is running...
2014/08/13-16:26:45 : Service zombie is running...
2014/08/13-16:26:47 : Service zombie is running...
2014/08/13-16:26:49 : Service zombie is running...
2014/08/13-16:26:52 : Service zombie is running...
10.134.135.100:9000: connected from localhost
Send OK
2014/08/13-16:26:54 : [Warning] Service zombie is crash!!!
10.134.135.100:9000: connected from localhost
Send OK
2014/08/13-16:26:56 : [Warning] Service zombie is crash!!!
2014/08/13-16:26:58 : [Warning] Service zombie is crash!!!
2014/08/13-16:27:00 : [Warning] Service zombie is crash!!!
2014/08/13-16:27:02 : [Warning] Service zombie is crash!!!
2014/08/13-16:27:04 : [Warning] Service zombie is crash!!!
2014/08/13-16:27:07 : [Warning] Service zombie is crash!!!
2014/08/13-16:27:09 : [Warning] Service zombie is crash!!!
2014/08/13-16:27:11 : [Warning] Service zombie is crash!!!
2014/08/13-16:27:13 : [Warning] Service zombie is crash!!!
2014/08/13-16:27:15 : [Warning] Service zombie is crash!!!
2014/08/13-16:27:17 : [Warning] Service zombie is crash!!!
2014/08/13-16:27:19 : [Warning] Service zombie is crash!!!
2014/08/13-16:27:21 : [Warning] Service zombie is crash!!!
2014/08/13-16:27:24 : [Warning] Service zombie is crash!!!
2014/08/13-16:27:26 : [Warning] Service zombie is crash!!!
2014/08/13-16:27:28 : [Warning] Service zombie is crash!!!
2014/08/13-16:27:30 : [Warning] Service zombie is crash!!!
2014/08/13-16:27:32 : [Warning] Service zombie is crash!!!
2014/08/13-16:27:34 : [Warning] Service zombie is crash!!!
2014/08/13-16:27:36 : [Warning] Service zombie is crash!!!
2014/08/13-16:27:38 : [Warning] Service zombie is crash!!!
2014/08/13-16:27:41 : [Warning] Service zombie is crash!!!
2014/08/13-16:27:43 : [Warning] Service zombie is crash!!!
2014/08/13-16:27:45 : [Warning] Service zombie is crash!!!
2014/08/13-16:27:47 : [Warning] Service zombie is crash!!!
2014/08/13-16:27:49 : [Warning] Service zombie is crash!!!
2014/08/13-16:27:51 : [Warning] Service zombie is crash!!!
2014/08/13-16:27:53 : [Warning] Service zombie is crash!!!
2014/08/13-16:27:55 : Service zombie is running...
2014/08/13-16:27:58 : Service zombie is running...
2014/08/13-16:28:00 : Service zombie is running...
2014/08/13-16:28:02 : Service zombie is running...
2014/08/13-16:28:04 : Service zombie is running...
2014/08/13-16:28:06 : Service zombie is running...
2014/08/13-16:28:08 : Service zombie is running...
2014/08/13-16:28:10 : Service zombie is running...
2014/08/13-16:28:12 : Service zombie is running...
2014/08/13-16:28:14 : Service zombie is running...
2014/08/13-16:28:17 : Service zombie is running...
2014/08/13-16:28:19 : Service zombie is running...
2014/08/13-16:28:21 : Service zombie is running...
2014/08/13-16:28:23 : Service zombie is running...
2014/08/13-16:28:25 : Service zombie is running...
2014/08/13-16:28:27 : Service zombie is running...
2014/08/13-16:28:29 : Service zombie is running...
10.134.135.100:9000: connected from localhost
Send OK
2014/08/13-16:28:31 : [Warning] Service zombie is crash!!!
10.134.135.100:9000: connected from localhost
Send OK
2014/08/13-16:28:34 : [Warning] Service zombie is crash!!!
2014/08/13-16:28:36 : [Warning] Service zombie is crash!!!
2014/08/13-16:28:38 : [Warning] Service zombie is crash!!!
2014/08/13-16:28:40 : [Warning] Service zombie is crash!!!
2014/08/13-16:28:42 : [Warning] Service zombie is crash!!!
2014/08/13-16:28:44 : [Warning] Service zombie is crash!!!
2014/08/13-16:28:47 : [Warning] Service zombie is crash!!!
2014/08/13-16:28:49 : [Warning] Service zombie is crash!!!
2014/08/13-16:28:51 : [Warning] Service zombie is crash!!!
2014/08/13-16:28:53 : [Warning] Service zombie is crash!!!
2014/08/13-16:28:55 : [Warning] Service zombie is crash!!!
2014/08/13-16:28:57 : [Warning] Service zombie is crash!!!
2014/08/13-16:28:59 : [Warning] Service zombie is crash!!!
2014/08/13-16:29:01 : [Warning] Service zombie is crash!!!
2014/08/13-16:29:04 : [Warning] Service zombie is crash!!!
2014/08/13-16:29:06 : [Warning] Service zombie is crash!!!
2014/08/13-16:29:08 : [Warning] Service zombie is crash!!!
2014/08/13-16:29:10 : [Warning] Service zombie is crash!!!
2014/08/13-16:29:12 : [Warning] Service zombie is crash!!!
2014/08/13-16:29:14 : [Warning] Service zombie is crash!!!
2014/08/13-16:29:16 : [Warning] Service zombie is crash!!!
2014/08/13-16:29:18 : [Warning] Service zombie is crash!!!
10.134.135.100:9000: connected from localhost
Send OK
2014/08/13-16:34:48 : [Warning] Service zombie is crash!!!
2014/08/13-16:34:50 : [Warning] Service zombie is crash!!!
2014/08/13-16:34:52 : [Warning] Service zombie is crash!!!
2014/08/13-16:34:54 : [Warning] Service zombie is crash!!!
2014/08/13-16:34:56 : [Warning] Service zombie is crash!!!
2014/08/13-16:34:59 : [Warning] Service zombie is crash!!!
2014/08/13-16:35:01 : [Warning] Service zombie is crash!!!
2014/08/13-16:35:03 : [Warning] Service zombie is crash!!!
2014/08/13-16:35:05 : [Warning] Service zombie is crash!!!
2014/08/13-16:35:07 : [Warning] Service zombie is crash!!!
2014/08/13-16:35:09 : [Warning] Service zombie is crash!!!
2014/08/13-16:35:11 : [Warning] Service zombie is crash!!!
2014/08/13-16:35:13 : [Warning] Service zombie is crash!!!
2014/08/13-16:35:16 : [Warning] Service zombie is crash!!!
2014/08/13-16:35:18 : [Warning] Service zombie is crash!!!
2014/08/13-16:35:20 : [Warning] Service zombie is crash!!!
2014/08/13-16:35:22 : [Warning] Service zombie is crash!!!
2014/08/13-16:35:25 : [Warning] Service zombie is crash!!!
2014/08/13-16:35:27 : [Warning] Service zombie is crash!!!
2014/08/13-16:35:29 : [Warning] Service zombie is crash!!!
2014/08/13-16:35:31 : [Warning] Service zombie is crash!!!
2014/08/13-16:35:33 : [Warning] Service zombie is crash!!!
2014/08/13-16:35:35 : [Warning] Service zombie is crash!!!
2014/08/13-16:35:37 : [Warning] Service zombie is crash!!!
2014/08/13-16:35:39 : [Warning] Service zombie is crash!!!
2014/08/13-16:35:42 : [Warning] Service zombie is crash!!!
2014/08/13-16:35:44 : [Warning] Service zombie is crash!!!
10.134.135.100:9000: connected from localhost
Send OK
2014/08/13-16:35:47 : [Warning] Service zombie is crash!!!
iconv: illegal input sequence at position 22
10.134.135.100:9000: connected from localhost
Send OK
2014/08/13-16:35:50 : [Warning] Service zombie is crash!!!
iconv: illegal input sequence at position 16
10.134.135.100:9000: connected from localhost
Send OK
2014/08/13-16:35:53 : [Warning] Service zombie is crash!!!
2014/08/13-16:35:56 : [Warning] Service zombie is crash!!!
2014/08/13-16:35:58 : [Warning] Service zombie is crash!!!
2014/08/13-16:36:01 : [Warning] Service zombie is crash!!!
2014/08/13-16:36:03 : [Warning] Service zombie is crash!!!
2014/08/13-16:36:06 : [Warning] Service zombie is crash!!!
2014/08/13-16:36:08 : [Warning] Service zombie is crash!!!
2014/08/13-16:36:10 : [Warning] Service zombie is crash!!!
2014/08/13-16:36:12 : [Warning] Service zombie is crash!!!
2014/08/13-16:36:14 : [Warning] Service zombie is crash!!!
2014/08/13-16:36:17 : [Warning] Service zombie is crash!!!
2014/08/13-16:36:19 : [Warning] Service zombie is crash!!!
2014/08/13-16:36:21 : [Warning] Service zombie is crash!!!
2014/08/13-16:36:23 : [Warning] Service zombie is crash!!!
2014/08/13-16:36:25 : [Warning] Service zombie is crash!!!
2014/08/13-16:36:27 : [Warning] Service zombie is crash!!!
2014/08/13-16:36:29 : [Warning] Service zombie is crash!!!
2014/08/13-16:36:31 : [Warning] Service zombie is crash!!!
2014/08/13-16:36:34 : [Warning] Service zombie is crash!!!
2014/08/13-16:36:36 : [Warning] Service zombie is crash!!!
2014/08/13-16:36:38 : [Warning] Service zombie is crash!!!
2014/08/13-16:36:40 : [Warning] Service zombie is crash!!!
2014/08/13-16:36:42 : [Warning] Service zombie is crash!!!
2014/08/13-16:36:44 : [Warning] Service zombie is crash!!!
2014/08/13-16:36:46 : [Warning] Service zombie is crash!!!
2014/08/13-16:36:48 : [Warning] Service zombie is crash!!!
2014/08/13-16:36:51 : [Warning] Service zombie is crash!!!
2014/08/13-16:36:53 : [Warning] Service zombie is crash!!!
2014/08/13-16:36:55 : [Warning] Service zombie is crash!!!
2014/08/13-16:36:57 : [Warning] Service zombie is crash!!!
2014/08/13-16:36:59 : [Warning] Service zombie is crash!!!
2014/08/13-16:37:01 : [Warning] Service zombie is crash!!!
2014/08/13-16:37:03 : [Warning] Service zombie is crash!!!
2014/08/13-16:37:05 : [Warning] Service zombie is crash!!!
2014/08/13-16:37:08 : [Warning] Service zombie is crash!!!
2014/08/13-16:37:10 : [Warning] Service zombie is crash!!!
2014/08/13-16:37:12 : [Warning] Service zombie is crash!!!
2014/08/13-16:37:14 : [Warning] Service zombie is crash!!!
2014/08/13-16:37:16 : [Warning] Service zombie is crash!!!
2014/08/13-16:37:18 : [Warning] Service zombie is crash!!!
2014/08/13-16:37:20 : [Warning] Service zombie is crash!!!
2014/08/13-16:37:22 : [Warning] Service zombie is crash!!!
2014/08/13-16:37:25 : [Warning] Service zombie is crash!!!
2014/08/13-16:37:27 : [Warning] Service zombie is crash!!!
2014/08/13-16:37:29 : [Warning] Service zombie is crash!!!
2014/08/13-16:37:31 : [Warning] Service zombie is crash!!!
2014/08/13-16:37:33 : [Warning] Service zombie is crash!!!
2014/08/13-16:37:35 : [Warning] Service zombie is crash!!!
2014/08/13-16:37:37 : [Warning] Service zombie is crash!!!
2014/08/13-16:37:39 : [Warning] Service zombie is crash!!!
2014/08/13-16:37:42 : [Warning] Service zombie is crash!!!
10.134.135.100:9000: connected from localhost
Send OK
2014/08/13-16:39:40 : [Warning] Service zombie is crash!!!
iconv: illegal input sequence at position 22
10.134.135.100:9000: connected from localhost
Send OK
2014/08/13-16:39:42 : [Warning] Service zombie is crash!!!
iconv: illegal input sequence at position 16
10.134.135.100:9000: connected from localhost
Send OK
2014/08/13-16:39:45 : [Warning] Service zombie is crash!!!
2014/08/13-16:39:47 : [Warning] Service zombie is crash!!!
2014/08/13-16:39:49 : [Warning] Service zombie is crash!!!
2014/08/13-16:39:51 : [Warning] Service zombie is crash!!!
2014/08/13-16:39:53 : [Warning] Service zombie is crash!!!
2014/08/13-16:39:55 : [Warning] Service zombie is crash!!!
2014/08/13-16:39:58 : [Warning] Service zombie is crash!!!
2014/08/13-16:40:00 : [Warning] Service zombie is crash!!!
2014/08/13-16:40:02 : [Warning] Service zombie is crash!!!
2014/08/13-16:40:04 : [Warning] Service zombie is crash!!!
2014/08/13-16:40:06 : [Warning] Service zombie is crash!!!
2014/08/13-16:40:08 : [Warning] Service zombie is crash!!!
2014/08/13-16:40:10 : [Warning] Service zombie is crash!!!
2014/08/13-16:40:12 : [Warning] Service zombie is crash!!!
2014/08/13-16:40:14 : [Warning] Service zombie is crash!!!
2014/08/13-16:40:17 : [Warning] Service zombie is crash!!!
2014/08/13-16:40:19 : [Warning] Service zombie is crash!!!
2014/08/13-16:40:21 : [Warning] Service zombie is crash!!!
2014/08/13-16:40:23 : [Warning] Service zombie is crash!!!
2014/08/13-16:40:25 : [Warning] Service zombie is crash!!!
2014/08/13-16:40:27 : [Warning] Service zombie is crash!!!
10.134.135.100:9000: connected from localhost
Send OK
2014/08/13-16:59:14 : [Warning] Service zombie is crash!!!
10.134.135.100:9000: connected from localhost
Send OK
2014/08/13-16:59:16 : [Warning] Service zombie is crash!!!
10.134.135.100:9000: connected from localhost
Send OK
2014/08/13-16:59:18 : [Warning] Service zombie is crash!!!
2014/08/13-16:59:21 : [Warning] Service zombie is crash!!!
2014/08/13-16:59:23 : [Warning] Service zombie is crash!!!
2014/08/13-16:59:25 : [Warning] Service zombie is crash!!!
2014/08/13-16:59:27 : [Warning] Service zombie is crash!!!
2014/08/13-16:59:29 : [Warning] Service zombie is crash!!!
2014/08/13-16:59:31 : [Warning] Service zombie is crash!!!
2014/08/13-16:59:33 : [Warning] Service zombie is crash!!!
2014/08/13-16:59:35 : [Warning] Service zombie is crash!!!
2014/08/13-16:59:38 : [Warning] Service zombie is crash!!!
2014/08/13-16:59:40 : [Warning] Service zombie is crash!!!
2014/08/13-16:59:42 : [Warning] Service zombie is crash!!!
2014/08/13-16:59:44 : [Warning] Service zombie is crash!!!
2014/08/13-16:59:46 : [Warning] Service zombie is crash!!!
2014/08/13-16:59:48 : [Warning] Service zombie is crash!!!
2014/08/13-16:59:50 : [Warning] Service zombie is crash!!!
2014/08/13-16:59:52 : [Warning] Service zombie is crash!!!
2014/08/13-16:59:55 : [Warning] Service zombie is crash!!!
2014/08/13-16:59:57 : [Warning] Service zombie is crash!!!
2014/08/13-16:59:59 : [Warning] Service zombie is crash!!!
2014/08/13-17:00:01 : [Warning] Service zombie is crash!!!
2014/08/13-17:00:03 : [Warning] Service zombie is crash!!!
2014/08/13-17:00:05 : [Warning] Service zombie is crash!!!
2014/08/13-17:00:07 : [Warning] Service zombie is crash!!!
2014/08/13-17:00:09 : [Warning] Service zombie is crash!!!
2014/08/13-17:00:12 : [Warning] Service zombie is crash!!!
2014/08/13-17:00:14 : [Warning] Service zombie is crash!!!
2014/08/13-17:00:16 : [Warning] Service zombie is crash!!!
2014/08/13-17:00:18 : [Warning] Service zombie is crash!!!
2014/08/13-17:00:21 : [Warning] Service zombie is crash!!!
2014/08/13-17:00:23 : [Warning] Service zombie is crash!!!
2014/08/13-17:00:26 : [Warning] Service zombie is crash!!!
2014/08/13-17:00:28 : [Warning] Service zombie is crash!!!
2014/08/13-17:00:31 : [Warning] Service zombie is crash!!!
2014/08/13-17:00:33 : [Warning] Service zombie is crash!!!
2014/08/13-17:00:36 : [Warning] Service zombie is crash!!!
2014/08/13-17:00:38 : [Warning] Service zombie is crash!!!
2014/08/13-17:00:41 : [Warning] Service zombie is crash!!!
2014/08/13-17:00:43 : [Warning] Service zombie is crash!!!
2014/08/13-17:00:46 : [Warning] Service zombie is crash!!!
2014/08/13-17:00:48 : [Warning] Service zombie is crash!!!
2014/08/13-17:00:50 : [Warning] Service zombie is crash!!!
2014/08/13-17:00:53 : [Warning] Service zombie is crash!!!
2014/08/13-17:00:55 : [Warning] Service zombie is crash!!!
2014/08/13-17:00:58 : [Warning] Service zombie is crash!!!
2014/08/13-17:01:00 : [Warning] Service zombie is crash!!!
2014/08/13-17:01:02 : [Warning] Service zombie is crash!!!
2014/08/13-17:01:05 : [Warning] Service zombie is crash!!!
2014/08/13-17:01:07 : [Warning] Service zombie is crash!!!
2014/08/13-17:01:10 : [Warning] Service zombie is crash!!!
2014/08/13-17:01:12 : [Warning] Service zombie is crash!!!
2014/08/13-17:01:14 : [Warning] Service zombie is crash!!!
2014/08/13-17:01:16 : [Warning] Service zombie is crash!!!
2014/08/13-17:01:19 : [Warning] Service zombie is crash!!!
2014/08/13-17:01:21 : [Warning] Service zombie is crash!!!
2014/08/13-17:01:24 : [Warning] Service zombie is crash!!!
2014/08/13-17:01:26 : [Warning] Service zombie is crash!!!
2014/08/13-17:01:29 : [Warning] Service zombie is crash!!!
2014/08/13-17:01:31 : [Warning] Service zombie is crash!!!
2014/08/13-17:01:34 : [Warning] Service zombie is crash!!!
2014/08/13-17:01:36 : [Warning] Service zombie is crash!!!
2014/08/13-17:01:39 : [Warning] Service zombie is crash!!!
2014/08/13-17:01:41 : [Warning] Service zombie is crash!!!
2014/08/13-17:01:44 : [Warning] Service zombie is crash!!!
2014/08/13-17:01:46 : Service zombie is running...
2014/08/13-17:01:49 : Service zombie is running...
2014/08/13-17:01:51 : Service zombie is running...
2014/08/13-17:01:54 : Service zombie is running...
2014/08/13-17:01:56 : Service zombie is running...
2014/08/13-17:01:59 : Service zombie is running...
2014/08/13-17:02:01 : Service zombie is running...
2014/08/13-17:02:04 : Service zombie is running...
2014/08/13-17:02:06 : Service zombie is running...
2014/08/13-17:02:08 : Service zombie is running...
2014/08/13-17:02:10 : Service zombie is running...
10.134.135.100:9000: connected from localhost
Send OK
2014/08/13-17:02:13 : [Warning] Service zombie is crash!!!
10.134.135.100:9000: connected from localhost
Send OK
2014/08/13-17:02:15 : [Warning] Service zombie is crash!!!
10.134.135.100:9000: connected from localhost
Send OK
2014/08/13-17:02:17 : [Warning] Service zombie is crash!!!
2014/08/13-17:02:20 : [Warning] Service zombie is crash!!!
2014/08/13-17:02:22 : [Warning] Service zombie is crash!!!
2014/08/13-17:02:24 : [Warning] Service zombie is crash!!!
2014/08/13-17:02:26 : [Warning] Service zombie is crash!!!
2014/08/13-17:02:28 : [Warning] Service zombie is crash!!!
2014/08/13-17:02:30 : [Warning] Service zombie is crash!!!
2014/08/13-17:02:32 : [Warning] Service zombie is crash!!!
2014/08/13-17:02:34 : [Warning] Service zombie is crash!!!
2014/08/13-17:02:37 : [Warning] Service zombie is crash!!!
10.134.135.100:9000: connected from localhost
Send OK
2014/08/13-17:31:21 : [Warning] Service zombie is crash!!!
10.134.135.100:9000: connected from localhost
Send OK
2014/08/13-17:31:23 : [Warning] Service zombie is crash!!!
10.134.135.100:9000: connected from localhost
Send OK
2014/08/13-17:31:25 : [Warning] Service zombie is crash!!!
2014/08/13-17:31:27 : [Warning] Service zombie is crash!!!
2014/08/13-17:31:30 : [Warning] Service zombie is crash!!!
2014/08/13-17:31:32 : [Warning] Service zombie is crash!!!
2014/08/13-17:31:34 : [Warning] Service zombie is crash!!!
2014/08/13-17:31:36 : [Warning] Service zombie is crash!!!
2014/08/13-17:31:38 : [Warning] Service zombie is crash!!!
2014/08/13-17:31:40 : [Warning] Service zombie is crash!!!
2014/08/13-17:31:42 : [Warning] Service zombie is crash!!!
2014/08/13-17:31:44 : [Warning] Service zombie is crash!!!
2014/08/13-17:31:47 : [Warning] Service zombie is crash!!!
2014/08/13-17:31:49 : [Warning] Service zombie is crash!!!
2014/08/13-17:31:51 : [Warning] Service zombie is crash!!!
2014/08/13-17:31:53 : [Warning] Service zombie is crash!!!
2014/08/13-17:31:55 : [Warning] Service zombie is crash!!!
2014/08/13-17:31:57 : [Warning] Service zombie is crash!!!
2014/08/13-17:31:59 : [Warning] Service zombie is crash!!!
2014/08/13-17:32:01 : [Warning] Service zombie is crash!!!
2014/08/13-17:32:04 : [Warning] Service zombie is crash!!!
2014/08/13-17:32:06 : [Warning] Service zombie is crash!!!
2014/08/13-17:32:08 : [Warning] Service zombie is crash!!!
2014/08/13-17:32:10 : [Warning] Service zombie is crash!!!
2014/08/13-17:32:12 : [Warning] Service zombie is crash!!!
2014/08/13-17:32:18 : Service zombie.sh is running...
2014/08/13-17:32:20 : Service zombie.sh is running...
2014/08/13-17:32:22 : Service zombie.sh is running...
2014/08/13-17:32:25 : Service zombie.sh is running...
2014/08/13-17:32:27 : Service zombie.sh is running...
2014/08/13-17:32:29 : Service zombie.sh is running...
2014/08/13-17:32:31 : Service zombie.sh is running...
2014/08/13-17:32:33 : Service zombie.sh is running...
2014/08/13-17:32:35 : Service zombie.sh is running...
2014/08/13-17:32:37 : Service zombie.sh is running...
2014/08/13-17:32:39 : Service zombie.sh is running...
10.134.135.100:9000: connected from localhost
Send OK
2014/08/13-18:59:04 : [Warning] Service zombie.sh is crash!!!
2014/08/13-18:59:06 : [Warning] Service zombie.sh is crash!!!
2014/08/13-18:59:08 : [Warning] Service zombie.sh is crash!!!
2014/08/13-18:59:10 : [Warning] Service zombie.sh is crash!!!
2014/08/13-18:59:13 : [Warning] Service zombie.sh is crash!!!
2014/08/13-18:59:15 : [Warning] Service zombie.sh is crash!!!
10.134.135.100:9000: connected from localhost
Send OK
2014/08/13-19:00:40 : [Warning] Service zombie.sh is crash!!!
2014/08/13-19:00:42 : [Warning] Service zombie.sh is crash!!!
2014/08/13-19:00:44 : [Warning] Service zombie.sh is crash!!!
2014/08/17-19:34:33 : Service zombie.sh is running...
2014/08/17-19:34:36 : Service zombie.sh is running...
2014/08/17-19:34:39 : Service zombie.sh is running...
2014/08/17-19:34:42 : Service zombie.sh is running...
2014/08/17-19:34:46 : Service zombie.sh is running...
2014/08/17-19:34:49 : Service zombie.sh is running...
2014/08/17-19:34:52 : Service zombie.sh is running...
2014/08/17-19:34:55 : Service zombie.sh is running...
2014/08/17-19:34:58 : Service zombie.sh is running...
2014/08/17-19:35:01 : Service zombie.sh is running...
2014/08/17-19:35:04 : Service zombie.sh is running...
2014/08/17-19:35:07 : Service zombie.sh is running...
2014/08/17-19:35:10 : Service zombie.sh is running...
2014/08/17-19:35:14 : Service zombie.sh is running...
2014/08/17-19:35:17 : Service zombie.sh is running...
2014/08/17-19:35:20 : Service zombie.sh is running...
2014/08/17-19:35:23 : Service zombie.sh is running...
2014/08/17-19:35:26 : Service zombie.sh is running...
2014/08/17-19:35:29 : Service zombie.sh is running...
2014/08/17-19:35:32 : Service zombie.sh is running...
2014/08/17-19:35:35 : Service zombie.sh is running...
2014/08/17-19:35:39 : Service zombie.sh is running...
2014/08/17-19:35:42 : Service zombie.sh is running...
2014/08/17-19:35:45 : Service zombie.sh is running...
2014/08/17-19:35:48 : Service zombie.sh is running...
2014/08/17-19:35:51 : Service zombie.sh is running...
2014/08/17-19:35:54 : Service zombie.sh is running...
2014/08/17-19:35:57 : Service zombie.sh is running...
2014/08/17-19:36:00 : Service zombie.sh is running...
2014/08/17-19:36:04 : Service zombie.sh is running...
2014/08/17-19:36:07 : Service zombie.sh is running...
10.134.135.100:9000: connected from localhost
Send OK
2014/08/17-19:36:10 : [Warning] Service zombie.sh is crash!!!
10.134.135.100:9000: connected from localhost
Send OK
2014/08/17-19:36:13 : [Warning] Service zombie.sh is crash!!!
2014/08/17-19:36:16 : [Warning] Service zombie.sh is crash!!!
2014/08/17-19:36:19 : [Warning] Service zombie.sh is crash!!!
2014/08/17-19:36:22 : [Warning] Service zombie.sh is crash!!!
2014/08/17-19:36:25 : [Warning] Service zombie.sh is crash!!!
2014/08/17-19:36:29 : [Warning] Service zombie.sh is crash!!!
2014/08/17-19:36:32 : [Warning] Service zombie.sh is crash!!!
2014/08/17-19:36:35 : [Warning] Service zombie.sh is crash!!!
2014/08/17-19:36:38 : [Warning] Service zombie.sh is crash!!!
2014/08/17-19:36:41 : [Warning] Service zombie.sh is crash!!!
2014/08/17-19:36:44 : [Warning] Service zombie.sh is crash!!!
2014/08/17-19:36:47 : Service zombie.sh is running...
2014/08/17-19:36:50 : Service zombie.sh is running...
2014/08/17-19:36:54 : Service zombie.sh is running...
2014/08/17-19:36:57 : Service zombie.sh is running...
2014/08/17-19:37:00 : Service zombie.sh is running...
10.134.135.100:9000: connected from localhost
Send OK
2014/08/17-19:37:03 : [Warning] Service zombie.sh is crash!!!
10.134.135.100:9000: connected from localhost
Send OK
2014/08/17-19:37:06 : [Warning] Service zombie.sh is crash!!!
2014/08/17-19:37:09 : [Warning] Service zombie.sh is crash!!!
2014/08/17-19:37:12 : [Warning] Service zombie.sh is crash!!!
2014/08/17-19:37:16 : [Warning] Service zombie.sh is crash!!!
2014/08/17-19:37:19 : [Warning] Service zombie.sh is crash!!!
2014/08/17-19:37:22 : [Warning] Service zombie.sh is crash!!!
2014/08/17-19:37:25 : [Warning] Service zombie.sh is crash!!!
2014/08/17-19:37:28 : [Warning] Service zombie.sh is crash!!!
2014/08/17-19:37:31 : [Warning] Service zombie.sh is crash!!!
2014/08/17-19:37:34 : [Warning] Service zombie.sh is crash!!!
2014/08/17-19:37:37 : [Warning] Service zombie.sh is crash!!!
2014/08/17-19:37:40 : [Warning] Service zombie.sh is crash!!!
2014/08/17-19:37:44 : [Warning] Service zombie.sh is crash!!!
2014/08/17-19:37:47 : [Warning] Service zombie.sh is crash!!!
2014/08/17-19:37:50 : [Warning] Service zombie.sh is crash!!!
10.134.135.100:9000: connected from localhost
Send OK
2014/08/17-20:06:20 : [Warning] Service zombie.sh is crash!!!
10.134.135.100:9000: connected from localhost
Send OK
2014/08/17-20:06:23 : [Warning] Service zombie.sh is crash!!!
2014/08/17-20:06:27 : [Warning] Service zombie.sh is crash!!!
2014/08/17-20:06:30 : [Warning] Service zombie.sh is crash!!!
2014/08/17-20:06:33 : [Warning] Service zombie.sh is crash!!!
