10.134.135.100:9000: connected from localhost
Send OK
[Warning] No Enough Space!
Harddisk space will be exhausted!
 Disk Name: /dev/xvda3
 Used Pencentage: 67%
 
Memory space will be exhausted!
 Mem Used Percentage:80%
 Swap Used Percentage:50%

10.134.135.100:9000: connected from localhost
Send OK
[Warning] No Enough Space!
Harddisk space will be exhausted!
 Disk Name: /dev/xvda3
 Used Pencentage: 67%
 
Memory space will be exhausted!
 Mem Used Percentage:80%
 Swap Used Percentage:50%

10.134.135.100:9000: connected from localhost
Send OK
[Warning] No Enough Space!
Harddisk space will be exhausted!
 Disk Name: /dev/xvda3
 Used Pencentage: 67%
 
Memory space will be exhausted!
 Mem Used Percentage:80%
 Swap Used Percentage:50%

2014/08/16-23:26:02
10.134.135.100:9000: connected from localhost
Send OK
[33m[Warning] No Enough Space![0m
Harddisk space will be exhausted!
 Disk Name: /dev/xvda3
 Used Pencentage: 67%
 
Memory space will be exhausted!
 Mem Used Percentage:80%
 Swap Used Percentage:50%

2014/08/16-23:26:08
10.134.135.100:9000: connected from localhost
Send OK
[33m[Warning] No Enough Space![0m
Harddisk space will be exhausted!
 Disk Name: /dev/xvda3
 Used Pencentage: 67%
 
Memory space will be exhausted!
 Mem Used Percentage:80%
 Swap Used Percentage:50%

2014/08/16-23:28:48
Everything is fine!
2014/08/16-23:28:53
Everything is fine!
2014/08/16-23:29:03
Everything is fine!
2014/08/16-23:29:04
Everything is fine!
2014/08/16-23:29:14
Everything is fine!
2014/08/16-23:29:15
Everything is fine!
2014/08/16-23:29:16
Everything is fine!
2014/08/16-23:29:16
Everything is fine!
2014/08/16-23:29:17
Everything is fine!
2014/08/16-23:29:17
Everything is fine!
2014/08/16-23:29:18
Everything is fine!
2014/08/16-23:29:18
Everything is fine!
2014/08/16-23:29:19
Everything is fine!
2014/08/16-23:29:20
Everything is fine!
2014/08/16-23:29:21
Everything is fine!
2014/08/16-23:29:21
Everything is fine!
2014/08/16-23:29:23
Everything is fine!
2014/08/16-23:29:24
Everything is fine!
2014/08/16-23:29:25
Everything is fine!
2014/08/16-23:29:25
Everything is fine!
2014/08/16-23:29:26
Everything is fine!
2014/08/16-23:29:27
Everything is fine!
2014/08/16-23:29:28
Everything is fine!
2014/08/16-23:29:28
Everything is fine!
2014/08/16-23:29:29
Everything is fine!
2014/08/16-23:29:32
Everything is fine!
2014/08/16-23:29:34
Everything is fine!
2014/08/16-23:29:34
Everything is fine!
2014/08/16-23:29:36
Everything is fine!
2014/08/17-20:30:45
Everything is fine!
2014/08/17-20:30:50
Everything is fine!
2014/08/17-20:30:55
Everything is fine!
2014/08/17-20:31:00
Everything is fine!
2014/08/17-20:31:05
Everything is fine!
2014/08/17-20:31:09
Everything is fine!
2014/08/17-20:33:36
10.134.135.100:9000: connected from localhost
Send OK
[Warning] No Enough Space!
Harddisk space will be exhausted!
 Disk Name: /dev/xvda3
 Used Pencentage: 67%
 
Memory space will be exhausted!
 Mem Used Percentage:90%
 Swap Used Percentage:50%

2014/08/17-20:33:41
10.134.135.100:9000: connected from localhost
Send OK
[Warning] No Enough Space!
Harddisk space will be exhausted!
 Disk Name: /dev/xvda3
 Used Pencentage: 67%
 
Memory space will be exhausted!
 Mem Used Percentage:90%
 Swap Used Percentage:50%

2014/08/17-20:33:46
[Warning] No Enough Space!
Harddisk space will be exhausted!
 Disk Name: /dev/xvda3
 Used Pencentage: 67%
 
Memory space will be exhausted!
 Mem Used Percentage:80%
 Swap Used Percentage:50%

2014/08/17-20:33:51
[Warning] No Enough Space!
Harddisk space will be exhausted!
 Disk Name: /dev/xvda3
 Used Pencentage: 67%
 
Memory space will be exhausted!
 Mem Used Percentage:80%
 Swap Used Percentage:50%

2014/08/17-20:33:57
[Warning] No Enough Space!
Harddisk space will be exhausted!
 Disk Name: /dev/xvda3
 Used Pencentage: 67%
 
Memory space will be exhausted!
 Mem Used Percentage:80%
 Swap Used Percentage:50%

2014/08/17-20:34:02
[Warning] No Enough Space!
Harddisk space will be exhausted!
 Disk Name: /dev/xvda3
 Used Pencentage: 67%
 
Memory space will be exhausted!
 Mem Used Percentage:80%
 Swap Used Percentage:50%

2014/08/17-20:34:07
[Warning] No Enough Space!
Harddisk space will be exhausted!
 Disk Name: /dev/xvda3
 Used Pencentage: 67%
 
Memory space will be exhausted!
 Mem Used Percentage:80%
 Swap Used Percentage:50%

2014/08/17-20:34:12
[Warning] No Enough Space!
Harddisk space will be exhausted!
 Disk Name: /dev/xvda3
 Used Pencentage: 67%
 
Memory space will be exhausted!
 Mem Used Percentage:80%
 Swap Used Percentage:50%

2014/08/17-20:34:17
[Warning] No Enough Space!
Harddisk space will be exhausted!
 Disk Name: /dev/xvda3
 Used Pencentage: 67%
 
Memory space will be exhausted!
 Mem Used Percentage:80%
 Swap Used Percentage:50%

2014/08/17-20:34:22
[Warning] No Enough Space!
Harddisk space will be exhausted!
 Disk Name: /dev/xvda3
 Used Pencentage: 67%
 
Memory space will be exhausted!
 Mem Used Percentage:80%
 Swap Used Percentage:50%

2014/08/17-20:34:27
[Warning] No Enough Space!
Harddisk space will be exhausted!
 Disk Name: /dev/xvda3
 Used Pencentage: 67%
 
Memory space will be exhausted!
 Mem Used Percentage:80%
 Swap Used Percentage:50%

2014/08/17-20:34:32
[Warning] No Enough Space!
Harddisk space will be exhausted!
 Disk Name: /dev/xvda3
 Used Pencentage: 67%
 
Memory space will be exhausted!
 Mem Used Percentage:80%
 Swap Used Percentage:50%

2014/08/17-20:34:37
[Warning] No Enough Space!
Harddisk space will be exhausted!
 Disk Name: /dev/xvda3
 Used Pencentage: 67%
 
Memory space will be exhausted!
 Mem Used Percentage:80%
 Swap Used Percentage:50%

2014/08/17-20:34:42
[Warning] No Enough Space!
Harddisk space will be exhausted!
 Disk Name: /dev/xvda3
 Used Pencentage: 67%
 
Memory space will be exhausted!
 Mem Used Percentage:80%
 Swap Used Percentage:50%

2014/08/17-20:34:47
[Warning] No Enough Space!
Harddisk space will be exhausted!
 Disk Name: /dev/xvda3
 Used Pencentage: 67%
 
Memory space will be exhausted!
 Mem Used Percentage:80%
 Swap Used Percentage:50%

2014/08/17-20:34:53
[Warning] No Enough Space!
Harddisk space will be exhausted!
 Disk Name: /dev/xvda3
 Used Pencentage: 67%
 
Memory space will be exhausted!
 Mem Used Percentage:80%
 Swap Used Percentage:50%

2014/08/17-20:34:58
[Warning] No Enough Space!
Harddisk space will be exhausted!
 Disk Name: /dev/xvda3
 Used Pencentage: 67%
 
Memory space will be exhausted!
 Mem Used Percentage:80%
 Swap Used Percentage:50%

2014/08/17-20:35:03
[Warning] No Enough Space!
Harddisk space will be exhausted!
 Disk Name: /dev/xvda3
 Used Pencentage: 67%
 
Memory space will be exhausted!
 Mem Used Percentage:80%
 Swap Used Percentage:50%

2014/08/17-20:35:08
[Warning] No Enough Space!
Harddisk space will be exhausted!
 Disk Name: /dev/xvda3
 Used Pencentage: 67%
 
Memory space will be exhausted!
 Mem Used Percentage:80%
 Swap Used Percentage:50%

2014/08/17-20:35:13
[Warning] No Enough Space!
Harddisk space will be exhausted!
 Disk Name: /dev/xvda3
 Used Pencentage: 67%
 
Memory space will be exhausted!
 Mem Used Percentage:80%
 Swap Used Percentage:50%

2014/08/17-20:35:18
[Warning] No Enough Space!
Harddisk space will be exhausted!
 Disk Name: /dev/xvda3
 Used Pencentage: 67%
 
Memory space will be exhausted!
 Mem Used Percentage:80%
 Swap Used Percentage:50%

2014/08/17-20:35:23
[Warning] No Enough Space!
Harddisk space will be exhausted!
 Disk Name: /dev/xvda3
 Used Pencentage: 67%
 
Memory space will be exhausted!
 Mem Used Percentage:80%
 Swap Used Percentage:50%

2014/08/17-20:35:28
[Warning] No Enough Space!
Harddisk space will be exhausted!
 Disk Name: /dev/xvda3
 Used Pencentage: 67%
 
Memory space will be exhausted!
 Mem Used Percentage:80%
 Swap Used Percentage:50%

2014/08/17-20:35:33
[Warning] No Enough Space!
Harddisk space will be exhausted!
 Disk Name: /dev/xvda3
 Used Pencentage: 67%
 
Memory space will be exhausted!
 Mem Used Percentage:80%
 Swap Used Percentage:50%

2014/08/17-20:35:38
[Warning] No Enough Space!
Harddisk space will be exhausted!
 Disk Name: /dev/xvda3
 Used Pencentage: 67%
 
Memory space will be exhausted!
 Mem Used Percentage:80%
 Swap Used Percentage:50%

2014/08/17-20:35:43
[Warning] No Enough Space!
Harddisk space will be exhausted!
 Disk Name: /dev/xvda3
 Used Pencentage: 67%
 
Memory space will be exhausted!
 Mem Used Percentage:80%
 Swap Used Percentage:50%

2014/08/17-20:35:48
[Warning] No Enough Space!
Harddisk space will be exhausted!
 Disk Name: /dev/xvda3
 Used Pencentage: 67%
 
Memory space will be exhausted!
 Mem Used Percentage:80%
 Swap Used Percentage:50%

2014/08/17-20:35:54
[Warning] No Enough Space!
Harddisk space will be exhausted!
 Disk Name: /dev/xvda3
 Used Pencentage: 67%
 
Memory space will be exhausted!
 Mem Used Percentage:80%
 Swap Used Percentage:50%

2014/08/17-20:35:59
[Warning] No Enough Space!
Harddisk space will be exhausted!
 Disk Name: /dev/xvda3
 Used Pencentage: 67%
 
Memory space will be exhausted!
 Mem Used Percentage:80%
 Swap Used Percentage:50%

